<?xml version="1.0" encoding="UTF-8"?>
<testsuite xmlns:xsi="http://www.w3.org/2001/XMLSchema-instance" xsi:noNamespaceSchemaLocation="https://maven.apache.org/surefire/maven-surefire-plugin/xsd/surefire-test-report.xsd" name="com.zerobank.runners.CukesRunner" time="174.031" tests="30" errors="0" skipped="0" failures="6">
  <properties>
[...]
</properties>
  <testcase name="Verify Account Activity Page" classname="Account Activity" time="5.062"/>
  <testcase name="Verify Account Activity tab Account dropdown default option" classname="Account Activity" time="3.36"/>
  <testcase name="Verify Account Activity tab Account dropdown options" classname="Account Activity" time="3.885">
    <failure message="verify actions options expected:&lt;[Savings, Checking, Loan, Credit Card, Brokerage]&gt; but was:&lt;[Savings, Checking, Savings, Loan, Credit Card, Brokerage]&gt;" type="java.lang.AssertionError"><![CDATA[java.lang.AssertionError: verify actions options expected:<[Savings, Checking, Loan, Credit Card, Brokerage]> but was:<[Savings, Checking, Savings, Loan, Credit Card, Brokerage]>
]]></failure>
    <system-err><![CDATA[Starting ChromeDriver 83.0.4103.39 (ccbf011cb2d2b19b506d844400483861342c20cd-refs/branch-heads/4103@{#416}) on port 37310
Only local connections are allowed.
Please see https://chromedriver.chromium.org/security-considerations for suggestions on keeping ChromeDriver safe.
ChromeDriver was started successfully.
Jun 09, 2020 12:19:36 PM org.openqa.selenium.remote.ProtocolHandshake createSession
INFO: Detected dialect: W3C
]]></system-err>
  </testcase>
  <testcase name="Verify Account Activity tab Transactions options" classname="Account Activity" time="6.436"/>
  <testcase name="Savings account redirect" classname="Navigating to specific accounts in Accounts Activity" time="4.273"/>
  <testcase name="Brokerage account redirect" classname="Navigating to specific accounts in Accounts Activity" time="3.434"/>
  <testcase name="Checking account redirect" classname="Navigating to specific accounts in Accounts Activity" time="3.338"/>
  <testcase name="Credit Card account redirect" classname="Navigating to specific accounts in Accounts Activity" time="3.443"/>
  <testcase name="Loan account redirect" classname="Navigating to specific accounts in Accounts Activity" time="3.323"/>
  <testcase name="Verify Account Summary Page" classname="Account Summary" time="2.853"/>
  <testcase name="Verify on Account Summary page Account types" classname="Account Summary" time="2.963"/>
  <testcase name="Verify on Account summary page Credit Options accounts" classname="Account Summary" time="3.013"/>
  <testcase name="Add a new payee" classname="Add new payee under pay bills" time="6.159"/>
  <testcase name="Search date range" classname="Find Transactions in Account Activity" time="14.38"/>
  <testcase name="Search description" classname="Find Transactions in Account Activity" time="8.228">
    <failure message="verify not show description on table" type="java.lang.AssertionError">java.lang.AssertionError: verify not show description on table
</failure>
    <system-err><![CDATA[Starting ChromeDriver 83.0.4103.39 (ccbf011cb2d2b19b506d844400483861342c20cd-refs/branch-heads/4103@{#416}) on port 33604
Only local connections are allowed.
Please see https://chromedriver.chromium.org/security-considerations for suggestions on keeping ChromeDriver safe.
ChromeDriver was started successfully.
Jun 09, 2020 12:20:34 PM org.openqa.selenium.remote.ProtocolHandshake createSession
INFO: Detected dialect: W3C
]]></system-err>
  </testcase>
  <testcase name="Search description case insensitive" classname="Find Transactions in Account Activity" time="8.267">
    <failure message="verify table show only description" type="java.lang.AssertionError">java.lang.AssertionError: verify table show only description
</failure>
    <system-err><![CDATA[Starting ChromeDriver 83.0.4103.39 (ccbf011cb2d2b19b506d844400483861342c20cd-refs/branch-heads/4103@{#416}) on port 2070
Only local connections are allowed.
Please see https://chromedriver.chromium.org/security-considerations for suggestions on keeping ChromeDriver safe.
ChromeDriver was started successfully.
Jun 09, 2020 12:20:42 PM org.openqa.selenium.remote.ProtocolHandshake createSession
INFO: Detected dialect: W3C
]]></system-err>
  </testcase>
  <testcase name="Type" classname="Find Transactions in Account Activity" time="12.897"/>
  <testcase name="Login with valid credentials" classname="Users should be able to login" time="2.837"/>
  <testcase name="Login with invalid username credential" classname="Users should be able to login" time="6.692"/>
  <testcase name="Login with invalid username credential" classname="Users should be able to login" time="4.292"/>
  <testcase name="Verify Account Activity Page" classname="Pay Bills" time="3.264"/>
  <testcase name="Verify Payment Operation with valid values" classname="Pay Bills" time="5.757"/>
  <testcase name="Verify Payment Operation with amount field empty" classname="Pay Bills" time="6.782"/>
  <testcase name="Verify Payment Operation with enter amount as alphabetical characters" classname="Pay Bills" time="4.521">
    <failure message="verify payment submit message expected:&lt;The payment was [not ]successfully submitt...&gt; but was:&lt;The payment was []successfully submitt...&gt;" type="org.junit.ComparisonFailure"><![CDATA[org.junit.ComparisonFailure: verify payment submit message expected:<The payment was [not ]successfully submitt...> but was:<The payment was []successfully submitt...>
]]></failure>
    <system-err><![CDATA[Starting ChromeDriver 83.0.4103.39 (ccbf011cb2d2b19b506d844400483861342c20cd-refs/branch-heads/4103@{#416}) on port 29862
Only local connections are allowed.
Please see https://chromedriver.chromium.org/security-considerations for suggestions on keeping ChromeDriver safe.
ChromeDriver was started successfully.
Jun 09, 2020 12:21:33 PM org.openqa.selenium.remote.ProtocolHandshake createSession
INFO: Detected dialect: W3C
]]></system-err>
  </testcase>
  <testcase name="Verify Payment Operation with enter amount as special characters" classname="Pay Bills" time="4.402">
    <failure message="verify payment submit message expected:&lt;The payment was [not ]successfully submitt...&gt; but was:&lt;The payment was []successfully submitt...&gt;" type="org.junit.ComparisonFailure"><![CDATA[org.junit.ComparisonFailure: verify payment submit message expected:<The payment was [not ]successfully submitt...> but was:<The payment was []successfully submitt...>
]]></failure>
    <system-err><![CDATA[Starting ChromeDriver 83.0.4103.39 (ccbf011cb2d2b19b506d844400483861342c20cd-refs/branch-heads/4103@{#416}) on port 35265
Only local connections are allowed.
Please see https://chromedriver.chromium.org/security-considerations for suggestions on keeping ChromeDriver safe.
ChromeDriver was started successfully.
Jun 09, 2020 12:21:37 PM org.openqa.selenium.remote.ProtocolHandshake createSession
INFO: Detected dialect: W3C
]]></system-err>
  </testcase>
  <testcase name="Verify Payment Operation without date" classname="Pay Bills" time="5.945"/>
  <testcase name="Verify Payment Operation with enter date as alphabetical characters" classname="Pay Bills" time="4.435">
    <failure message="verify payment submit message expected:&lt;The payment was [not ]successfully submitt...&gt; but was:&lt;The payment was []successfully submitt...&gt;" type="org.junit.ComparisonFailure"><![CDATA[org.junit.ComparisonFailure: verify payment submit message expected:<The payment was [not ]successfully submitt...> but was:<The payment was []successfully submitt...>
]]></failure>
    <system-err><![CDATA[Starting ChromeDriver 83.0.4103.39 (ccbf011cb2d2b19b506d844400483861342c20cd-refs/branch-heads/4103@{#416}) on port 34984
Only local connections are allowed.
Please see https://chromedriver.chromium.org/security-considerations for suggestions on keeping ChromeDriver safe.
ChromeDriver was started successfully.
Jun 09, 2020 12:21:48 PM org.openqa.selenium.remote.ProtocolHandshake createSession
INFO: Detected dialect: W3C
]]></system-err>
  </testcase>
  <testcase name="Available currencies" classname="Purchase Foreign Currency" time="7.77"/>
  <testcase name="Error message for not selecting currency" classname="Purchase Foreign Currency" time="10.839"/>
  <testcase name="Error message for not entering value" classname="Purchase Foreign Currency" time="10.509"/>
</testsuite>